<?xml version="1.0" encoding="UTF-8"?>
<testng-results ignored="0" total="1" passed="1" failed="0" skipped="0">
  <reporter-output>
  </reporter-output>
  <suite started-at="2023-07-21T12:01:18 IST" name="Default suite" finished-at="2023-07-21T12:01:19 IST" duration-ms="855">
    <groups>
    </groups>
    <test started-at="2023-07-21T12:01:18 IST" name="Default test" finished-at="2023-07-21T12:01:19 IST" duration-ms="855">
      <class name="com.Omayo.testcases.VerifyUserRagistration">
        <test-method signature="readExcelFile()[pri:0, instance:com.Omayo.testcases.VerifyUserRagistration@4a7f959b]" started-at="2023-07-21T12:01:18 IST" name="readExcelFile" finished-at="2023-07-21T12:01:19 IST" duration-ms="798" status="PASS">
          <reporter-output>
          </reporter-output>
        </test-method> <!-- readExcelFile -->
      </class> <!-- com.Omayo.testcases.VerifyUserRagistration -->
    </test> <!-- Default test -->
  </suite> <!-- Default suite -->
</testng-results>
